

Started GET "/assets/rails.png" for 127.0.0.1 at 2014-10-09 00:33:45 -0300
Connecting to database specified by database.yml
Served asset /rails.png - 200 OK (4ms)
Connecting to database specified by database.yml
Connecting to database specified by database.yml


Started GET "/movies" for 127.0.0.1 at 2014-10-09 00:49:26 -0300
Connecting to database specified by database.yml

ActionController::RoutingError (uninitialized constant MoviesController):
  activesupport (3.2.16) lib/active_support/inflector/methods.rb:230:in `block in constantize'
  activesupport (3.2.16) lib/active_support/inflector/methods.rb:229:in `each'
  activesupport (3.2.16) lib/active_support/inflector/methods.rb:229:in `constantize'
  actionpack (3.2.16) lib/action_dispatch/routing/route_set.rb:69:in `controller_reference'
  actionpack (3.2.16) lib/action_dispatch/routing/route_set.rb:54:in `controller'
  actionpack (3.2.16) lib/action_dispatch/routing/route_set.rb:32:in `call'
  journey (1.0.4) lib/journey/router.rb:68:in `block in call'
  journey (1.0.4) lib/journey/router.rb:56:in `each'
  journey (1.0.4) lib/journey/router.rb:56:in `call'
  actionpack (3.2.16) lib/action_dispatch/routing/route_set.rb:608:in `call'
  actionpack (3.2.16) lib/action_dispatch/middleware/best_standards_support.rb:17:in `call'
  rack (1.4.5) lib/rack/etag.rb:23:in `call'
  rack (1.4.5) lib/rack/conditionalget.rb:25:in `call'
  actionpack (3.2.16) lib/action_dispatch/middleware/head.rb:14:in `call'
  actionpack (3.2.16) lib/action_dispatch/middleware/params_parser.rb:21:in `call'
  actionpack (3.2.16) lib/action_dispatch/middleware/flash.rb:242:in `call'
  rack (1.4.5) lib/rack/session/abstract/id.rb:210:in `context'
  rack (1.4.5) lib/rack/session/abstract/id.rb:205:in `call'
  actionpack (3.2.16) lib/action_dispatch/middleware/cookies.rb:341:in `call'
  activerecord (3.2.16) lib/active_record/query_cache.rb:64:in `call'
  activerecord (3.2.16) lib/active_record/connection_adapters/abstract/connection_pool.rb:479:in `call'
  actionpack (3.2.16) lib/action_dispatch/middleware/callbacks.rb:28:in `block in call'
  activesupport (3.2.16) lib/active_support/callbacks.rb:405:in `_run__318231394__call__943180235__callbacks'
  activesupport (3.2.16) lib/active_support/callbacks.rb:405:in `__run_callback'
  activesupport (3.2.16) lib/active_support/callbacks.rb:385:in `_run_call_callbacks'
  activesupport (3.2.16) lib/active_support/callbacks.rb:81:in `run_callbacks'
  actionpack (3.2.16) lib/action_dispatch/middleware/callbacks.rb:27:in `call'
  actionpack (3.2.16) lib/action_dispatch/middleware/reloader.rb:65:in `call'
  actionpack (3.2.16) lib/action_dispatch/middleware/remote_ip.rb:31:in `call'
  actionpack (3.2.16) lib/action_dispatch/middleware/debug_exceptions.rb:16:in `call'
  actionpack (3.2.16) lib/action_dispatch/middleware/show_exceptions.rb:56:in `call'
  railties (3.2.16) lib/rails/rack/logger.rb:32:in `call_app'
  railties (3.2.16) lib/rails/rack/logger.rb:16:in `block in call'
  activesupport (3.2.16) lib/active_support/tagged_logging.rb:22:in `tagged'
  railties (3.2.16) lib/rails/rack/logger.rb:16:in `call'
  actionpack (3.2.16) lib/action_dispatch/middleware/request_id.rb:22:in `call'
  rack (1.4.5) lib/rack/methodoverride.rb:21:in `call'
  rack (1.4.5) lib/rack/runtime.rb:17:in `call'
  activesupport (3.2.16) lib/active_support/cache/strategy/local_cache.rb:72:in `call'
  rack (1.4.5) lib/rack/lock.rb:15:in `call'
  actionpack (3.2.16) lib/action_dispatch/middleware/static.rb:63:in `call'
  railties (3.2.16) lib/rails/engine.rb:484:in `call'
  railties (3.2.16) lib/rails/application.rb:231:in `call'
  rack (1.4.5) lib/rack/content_length.rb:14:in `call'
  railties (3.2.16) lib/rails/rack/log_tailer.rb:17:in `call'
  rack (1.4.5) lib/rack/handler/webrick.rb:59:in `service'
  /home/saasbook/.rvm/rubies/ruby-1.9.3-p448/lib/ruby/1.9.1/webrick/httpserver.rb:138:in `service'
  /home/saasbook/.rvm/rubies/ruby-1.9.3-p448/lib/ruby/1.9.1/webrick/httpserver.rb:94:in `run'
  /home/saasbook/.rvm/rubies/ruby-1.9.3-p448/lib/ruby/1.9.1/webrick/server.rb:191:in `block in start_thread'


  Rendered /home/saasbook/.rvm/gems/ruby-1.9.3-p448/gems/actionpack-3.2.16/lib/action_dispatch/middleware/templates/rescues/routing_error.erb within rescues/layout (34.4ms)
Connecting to database specified by database.yml
Connecting to database specified by database.yml
  [1m[36m (0.1ms)[0m  [1mselect sqlite_version(*)[0m
  [1m[35m (10.6ms)[0m  CREATE TABLE "schema_migrations" ("version" varchar(255) NOT NULL) 
  [1m[36m (5.6ms)[0m  [1mCREATE UNIQUE INDEX "unique_schema_migrations" ON "schema_migrations" ("version")[0m
  [1m[35m (0.9ms)[0m  SELECT "schema_migrations"."version" FROM "schema_migrations" 
Migrating to CreateMovies (20141009213231)
  [1m[36m (0.0ms)[0m  [1mbegin transaction[0m
  [1m[35m (0.3ms)[0m  CREATE TABLE "movies" ("id" INTEGER PRIMARY KEY AUTOINCREMENT NOT NULL, "title" varchar(255), "rating" varchar(255), "description" text, "release_date" datetime, "created_at" datetime NOT NULL, "updated_at" datetime NOT NULL) 
  [1m[36m (0.1ms)[0m  [1mINSERT INTO "schema_migrations" ("version") VALUES ('20141009213231')[0m
  [1m[35m (5.5ms)[0m  commit transaction
  [1m[36m (0.1ms)[0m  [1mSELECT "schema_migrations"."version" FROM "schema_migrations" [0m
Connecting to database specified by database.yml
Connecting to database specified by database.yml
  [1m[36m (0.9ms)[0m  [1mSELECT "schema_migrations"."version" FROM "schema_migrations" [0m
  [1m[35m (0.1ms)[0m  begin transaction
  [1m[36mSQL (3.3ms)[0m  [1mINSERT INTO "movies" ("created_at", "description", "rating", "release_date", "title", "updated_at") VALUES (?, ?, ?, ?, ?, ?)[0m  [["created_at", Thu, 09 Oct 2014 21:50:25 UTC +00:00], ["description", nil], ["rating", "G"], ["release_date", Wed, 25 Nov 1992 00:00:00 UTC +00:00], ["title", "Aladdin"], ["updated_at", Thu, 09 Oct 2014 21:50:25 UTC +00:00]]
  [1m[35m (15.1ms)[0m  commit transaction
  [1m[36m (0.1ms)[0m  [1mbegin transaction[0m
  [1m[35mSQL (0.3ms)[0m  INSERT INTO "movies" ("created_at", "description", "rating", "release_date", "title", "updated_at") VALUES (?, ?, ?, ?, ?, ?)  [["created_at", Thu, 09 Oct 2014 21:50:25 UTC +00:00], ["description", nil], ["rating", "R"], ["release_date", Fri, 21 Jul 1989 00:00:00 UTC +00:00], ["title", "When Harry Met Sally"], ["updated_at", Thu, 09 Oct 2014 21:50:25 UTC +00:00]]
  [1m[36m (5.0ms)[0m  [1mcommit transaction[0m
  [1m[35m (0.0ms)[0m  begin transaction
  [1m[36mSQL (3.9ms)[0m  [1mINSERT INTO "movies" ("created_at", "description", "rating", "release_date", "title", "updated_at") VALUES (?, ?, ?, ?, ?, ?)[0m  [["created_at", Thu, 09 Oct 2014 21:50:25 UTC +00:00], ["description", nil], ["rating", "PG-13"], ["release_date", Wed, 10 Aug 2011 00:00:00 UTC +00:00], ["title", "The Help"], ["updated_at", Thu, 09 Oct 2014 21:50:25 UTC +00:00]]
  [1m[35m (5.8ms)[0m  commit transaction
  [1m[36m (0.2ms)[0m  [1mbegin transaction[0m
  [1m[35mSQL (0.6ms)[0m  INSERT INTO "movies" ("created_at", "description", "rating", "release_date", "title", "updated_at") VALUES (?, ?, ?, ?, ?, ?)  [["created_at", Thu, 09 Oct 2014 21:50:25 UTC +00:00], ["description", nil], ["rating", "PG"], ["release_date", Fri, 12 Jun 1981 00:00:00 UTC +00:00], ["title", "Raiders of the Lost Ark"], ["updated_at", Thu, 09 Oct 2014 21:50:25 UTC +00:00]]
  [1m[36m (10.1ms)[0m  [1mcommit transaction[0m
Connecting to database specified by database.yml


Started GET "/movies" for 127.0.0.1 at 2014-10-09 19:09:14 -0300
Connecting to database specified by database.yml
Processing by MoviesController#index as HTML
  [1m[36mMovie Load (0.1ms)[0m  [1mSELECT "movies".* FROM "movies" [0m
  Rendered movies/index.html.haml within layouts/application (7.2ms)
Compiled application.css  (1ms)  (pid 5267)
Compiled jquery.js  (2ms)  (pid 5267)
Compiled jquery_ujs.js  (0ms)  (pid 5267)
Compiled application.js  (17ms)  (pid 5267)
Completed 200 OK in 170.9ms (Views: 125.7ms | ActiveRecord: 1.7ms)


Started GET "/assets/application.css?body=1" for 127.0.0.1 at 2014-10-09 19:09:15 -0300
Served asset /application.css - 200 OK (2ms)


Started GET "/assets/application.js?body=1" for 127.0.0.1 at 2014-10-09 19:09:15 -0300
Served asset /application.js - 200 OK (17ms)


Started GET "/assets/jquery_ujs.js?body=1" for 127.0.0.1 at 2014-10-09 19:09:15 -0300
Served asset /jquery_ujs.js - 200 OK (1ms)


Started GET "/assets/jquery.js?body=1" for 127.0.0.1 at 2014-10-09 19:09:15 -0300
Served asset /jquery.js - 200 OK (1ms)


Started GET "/movies/4" for 127.0.0.1 at 2014-10-09 19:09:41 -0300

AbstractController::ActionNotFound (The action 'show' could not be found for MoviesController):
  actionpack (3.2.16) lib/abstract_controller/base.rb:116:in `process'
  actionpack (3.2.16) lib/abstract_controller/rendering.rb:45:in `process'
  actionpack (3.2.16) lib/action_controller/metal.rb:203:in `dispatch'
  actionpack (3.2.16) lib/action_controller/metal/rack_delegation.rb:14:in `dispatch'
  actionpack (3.2.16) lib/action_controller/metal.rb:246:in `block in action'
  actionpack (3.2.16) lib/action_dispatch/routing/route_set.rb:73:in `call'
  actionpack (3.2.16) lib/action_dispatch/routing/route_set.rb:73:in `dispatch'
  actionpack (3.2.16) lib/action_dispatch/routing/route_set.rb:36:in `call'
  journey (1.0.4) lib/journey/router.rb:68:in `block in call'
  journey (1.0.4) lib/journey/router.rb:56:in `each'
  journey (1.0.4) lib/journey/router.rb:56:in `call'
  actionpack (3.2.16) lib/action_dispatch/routing/route_set.rb:608:in `call'
  actionpack (3.2.16) lib/action_dispatch/middleware/best_standards_support.rb:17:in `call'
  rack (1.4.5) lib/rack/etag.rb:23:in `call'
  rack (1.4.5) lib/rack/conditionalget.rb:25:in `call'
  actionpack (3.2.16) lib/action_dispatch/middleware/head.rb:14:in `call'
  actionpack (3.2.16) lib/action_dispatch/middleware/params_parser.rb:21:in `call'
  actionpack (3.2.16) lib/action_dispatch/middleware/flash.rb:242:in `call'
  rack (1.4.5) lib/rack/session/abstract/id.rb:210:in `context'
  rack (1.4.5) lib/rack/session/abstract/id.rb:205:in `call'
  actionpack (3.2.16) lib/action_dispatch/middleware/cookies.rb:341:in `call'
  activerecord (3.2.16) lib/active_record/query_cache.rb:64:in `call'
  activerecord (3.2.16) lib/active_record/connection_adapters/abstract/connection_pool.rb:479:in `call'
  actionpack (3.2.16) lib/action_dispatch/middleware/callbacks.rb:28:in `block in call'
  activesupport (3.2.16) lib/active_support/callbacks.rb:405:in `_run__855841801__call__9913682__callbacks'
  activesupport (3.2.16) lib/active_support/callbacks.rb:405:in `__run_callback'
  activesupport (3.2.16) lib/active_support/callbacks.rb:385:in `_run_call_callbacks'
  activesupport (3.2.16) lib/active_support/callbacks.rb:81:in `run_callbacks'
  actionpack (3.2.16) lib/action_dispatch/middleware/callbacks.rb:27:in `call'
  actionpack (3.2.16) lib/action_dispatch/middleware/reloader.rb:65:in `call'
  actionpack (3.2.16) lib/action_dispatch/middleware/remote_ip.rb:31:in `call'
  actionpack (3.2.16) lib/action_dispatch/middleware/debug_exceptions.rb:16:in `call'
  actionpack (3.2.16) lib/action_dispatch/middleware/show_exceptions.rb:56:in `call'
  railties (3.2.16) lib/rails/rack/logger.rb:32:in `call_app'
  railties (3.2.16) lib/rails/rack/logger.rb:16:in `block in call'
  activesupport (3.2.16) lib/active_support/tagged_logging.rb:22:in `tagged'
  railties (3.2.16) lib/rails/rack/logger.rb:16:in `call'
  actionpack (3.2.16) lib/action_dispatch/middleware/request_id.rb:22:in `call'
  rack (1.4.5) lib/rack/methodoverride.rb:21:in `call'
  rack (1.4.5) lib/rack/runtime.rb:17:in `call'
  activesupport (3.2.16) lib/active_support/cache/strategy/local_cache.rb:72:in `call'
  rack (1.4.5) lib/rack/lock.rb:15:in `call'
  actionpack (3.2.16) lib/action_dispatch/middleware/static.rb:63:in `call'
  railties (3.2.16) lib/rails/engine.rb:484:in `call'
  railties (3.2.16) lib/rails/application.rb:231:in `call'
  rack (1.4.5) lib/rack/content_length.rb:14:in `call'
  railties (3.2.16) lib/rails/rack/log_tailer.rb:17:in `call'
  rack (1.4.5) lib/rack/handler/webrick.rb:59:in `service'
  /home/saasbook/.rvm/rubies/ruby-1.9.3-p448/lib/ruby/1.9.1/webrick/httpserver.rb:138:in `service'
  /home/saasbook/.rvm/rubies/ruby-1.9.3-p448/lib/ruby/1.9.1/webrick/httpserver.rb:94:in `run'
  /home/saasbook/.rvm/rubies/ruby-1.9.3-p448/lib/ruby/1.9.1/webrick/server.rb:191:in `block in start_thread'


  Rendered /home/saasbook/.rvm/gems/ruby-1.9.3-p448/gems/actionpack-3.2.16/lib/action_dispatch/middleware/templates/rescues/unknown_action.erb within rescues/layout (0.4ms)


Started GET "/movies" for 127.0.0.1 at 2014-10-09 19:21:16 -0300
Processing by MoviesController#index as HTML
  [1m[35mMovie Load (0.1ms)[0m  SELECT "movies".* FROM "movies" 
  Rendered movies/index.html.haml within layouts/application (3.6ms)
Completed 200 OK in 6.0ms (Views: 5.2ms | ActiveRecord: 0.1ms)


Started GET "/movies" for 127.0.0.1 at 2014-10-09 19:22:56 -0300
Processing by MoviesController#index as HTML
  [1m[36mMovie Load (0.1ms)[0m  [1mSELECT "movies".* FROM "movies" [0m
  Rendered movies/index.html.haml within layouts/application (1.3ms)
Completed 200 OK in 5.4ms (Views: 4.6ms | ActiveRecord: 0.1ms)


Started GET "/movies" for 127.0.0.1 at 2014-10-09 19:31:14 -0300

LoadError (Expected /home/saasbook/Documents/myrottenpotatoes/app/controllers/movies_controller.rb to define MoviesController):
  activesupport (3.2.16) lib/active_support/dependencies.rb:503:in `load_missing_constant'
  activesupport (3.2.16) lib/active_support/dependencies.rb:192:in `block in const_missing'
  activesupport (3.2.16) lib/active_support/dependencies.rb:190:in `each'
  activesupport (3.2.16) lib/active_support/dependencies.rb:190:in `const_missing'
  activesupport (3.2.16) lib/active_support/inflector/methods.rb:230:in `block in constantize'
  activesupport (3.2.16) lib/active_support/inflector/methods.rb:229:in `each'
  activesupport (3.2.16) lib/active_support/inflector/methods.rb:229:in `constantize'
  activesupport (3.2.16) lib/active_support/dependencies.rb:554:in `get'
  actionpack (3.2.16) lib/action_dispatch/routing/route_set.rb:69:in `controller_reference'
  actionpack (3.2.16) lib/action_dispatch/routing/route_set.rb:54:in `controller'
  actionpack (3.2.16) lib/action_dispatch/routing/route_set.rb:32:in `call'
  journey (1.0.4) lib/journey/router.rb:68:in `block in call'
  journey (1.0.4) lib/journey/router.rb:56:in `each'
  journey (1.0.4) lib/journey/router.rb:56:in `call'
  actionpack (3.2.16) lib/action_dispatch/routing/route_set.rb:608:in `call'
  actionpack (3.2.16) lib/action_dispatch/middleware/best_standards_support.rb:17:in `call'
  rack (1.4.5) lib/rack/etag.rb:23:in `call'
  rack (1.4.5) lib/rack/conditionalget.rb:25:in `call'
  actionpack (3.2.16) lib/action_dispatch/middleware/head.rb:14:in `call'
  actionpack (3.2.16) lib/action_dispatch/middleware/params_parser.rb:21:in `call'
  actionpack (3.2.16) lib/action_dispatch/middleware/flash.rb:242:in `call'
  rack (1.4.5) lib/rack/session/abstract/id.rb:210:in `context'
  rack (1.4.5) lib/rack/session/abstract/id.rb:205:in `call'
  actionpack (3.2.16) lib/action_dispatch/middleware/cookies.rb:341:in `call'
  activerecord (3.2.16) lib/active_record/query_cache.rb:64:in `call'
  activerecord (3.2.16) lib/active_record/connection_adapters/abstract/connection_pool.rb:479:in `call'
  actionpack (3.2.16) lib/action_dispatch/middleware/callbacks.rb:28:in `block in call'
  activesupport (3.2.16) lib/active_support/callbacks.rb:405:in `_run__855841801__call__9913682__callbacks'
  activesupport (3.2.16) lib/active_support/callbacks.rb:405:in `__run_callback'
  activesupport (3.2.16) lib/active_support/callbacks.rb:385:in `_run_call_callbacks'
  activesupport (3.2.16) lib/active_support/callbacks.rb:81:in `run_callbacks'
  actionpack (3.2.16) lib/action_dispatch/middleware/callbacks.rb:27:in `call'
  actionpack (3.2.16) lib/action_dispatch/middleware/reloader.rb:65:in `call'
  actionpack (3.2.16) lib/action_dispatch/middleware/remote_ip.rb:31:in `call'
  actionpack (3.2.16) lib/action_dispatch/middleware/debug_exceptions.rb:16:in `call'
  actionpack (3.2.16) lib/action_dispatch/middleware/show_exceptions.rb:56:in `call'
  railties (3.2.16) lib/rails/rack/logger.rb:32:in `call_app'
  railties (3.2.16) lib/rails/rack/logger.rb:16:in `block in call'
  activesupport (3.2.16) lib/active_support/tagged_logging.rb:22:in `tagged'
  railties (3.2.16) lib/rails/rack/logger.rb:16:in `call'
  actionpack (3.2.16) lib/action_dispatch/middleware/request_id.rb:22:in `call'
  rack (1.4.5) lib/rack/methodoverride.rb:21:in `call'
  rack (1.4.5) lib/rack/runtime.rb:17:in `call'
  activesupport (3.2.16) lib/active_support/cache/strategy/local_cache.rb:72:in `call'
  rack (1.4.5) lib/rack/lock.rb:15:in `call'
  actionpack (3.2.16) lib/action_dispatch/middleware/static.rb:63:in `call'
  railties (3.2.16) lib/rails/engine.rb:484:in `call'
  railties (3.2.16) lib/rails/application.rb:231:in `call'
  rack (1.4.5) lib/rack/content_length.rb:14:in `call'
  railties (3.2.16) lib/rails/rack/log_tailer.rb:17:in `call'
  rack (1.4.5) lib/rack/handler/webrick.rb:59:in `service'
  /home/saasbook/.rvm/rubies/ruby-1.9.3-p448/lib/ruby/1.9.1/webrick/httpserver.rb:138:in `service'
  /home/saasbook/.rvm/rubies/ruby-1.9.3-p448/lib/ruby/1.9.1/webrick/httpserver.rb:94:in `run'
  /home/saasbook/.rvm/rubies/ruby-1.9.3-p448/lib/ruby/1.9.1/webrick/server.rb:191:in `block in start_thread'


  Rendered /home/saasbook/.rvm/gems/ruby-1.9.3-p448/gems/actionpack-3.2.16/lib/action_dispatch/middleware/templates/rescues/_trace.erb (0.7ms)
  Rendered /home/saasbook/.rvm/gems/ruby-1.9.3-p448/gems/actionpack-3.2.16/lib/action_dispatch/middleware/templates/rescues/_request_and_response.erb (1.2ms)
  Rendered /home/saasbook/.rvm/gems/ruby-1.9.3-p448/gems/actionpack-3.2.16/lib/action_dispatch/middleware/templates/rescues/diagnostics.erb within rescues/layout (9.9ms)


Started GET "/movies" for 127.0.0.1 at 2014-10-09 19:31:43 -0300
Processing by MoviesController#index as HTML
  [1m[35mMovie Load (0.1ms)[0m  SELECT "movies".* FROM "movies" 
  Rendered movies/index.html.haml within layouts/application (1.6ms)
Completed 200 OK in 11.2ms (Views: 3.3ms | ActiveRecord: 0.6ms)


Started GET "/movies" for 127.0.0.1 at 2014-10-09 19:32:59 -0300
Processing by MoviesController#index as HTML
  [1m[36mMovie Load (0.1ms)[0m  [1mSELECT "movies".* FROM "movies" [0m
  Rendered movies/index.html.haml within layouts/application (1.3ms)
Completed 200 OK in 5.6ms (Views: 4.7ms | ActiveRecord: 0.1ms)


Started GET "/movies" for 127.0.0.1 at 2014-10-09 19:34:07 -0300
Processing by MoviesController#index as HTML
  [1m[35mMovie Load (0.2ms)[0m  SELECT "movies".* FROM "movies" 
  Rendered movies/index.html.haml within layouts/application (1.8ms)
Completed 200 OK in 7.6ms (Views: 3.2ms | ActiveRecord: 0.2ms)


Started GET "/movies" for 127.0.0.1 at 2014-10-09 19:54:40 -0300
Connecting to database specified by database.yml
Processing by MoviesController#index as HTML
  [1m[36mMovie Load (1.1ms)[0m  [1mSELECT "movies".* FROM "movies" [0m
  Rendered movies/index.html.haml within layouts/application (34.8ms)
Completed 200 OK in 119.7ms (Views: 49.1ms | ActiveRecord: 24.4ms)
